# JRE version: OpenJDK Runtime Environment (11.0.12+7) (build 11.0.12+7-b1504.28-7817840)
# Java VM: OpenJDK 64-Bit Server VM (11.0.12+7-b1504.28-7817840, mixed mode, tiered, compressed oops, g1 gc, windows-amd64)
Heap:
 garbage-first heap   total 310272K, used 182134K [0x0000000080000000, 0x0000000100000000)
  region size 1024K, 7 young (7168K), 5 survivors (5120K)
 Metaspace       used 226376K, capacity 232354K, committed 233464K, reserved 1253376K
  class space    used 27491K, capacity 29742K, committed 30208K, reserved 1048576K
GC Heap History (20 events):
Event: 10629.858 GC heap before
{Heap before GC invocations=175 (full 1):
 garbage-first heap   total 310272K, used 250061K [0x0000000080000000, 0x0000000100000000)
  region size 1024K, 58 young (59392K), 3 survivors (3072K)
 Metaspace       used 215301K, capacity 220936K, committed 230264K, reserved 1249280K
  class space    used 26120K, capacity 28207K, committed 29568K, reserved 1048576K
}
Event: 10629.866 GC heap after
{Heap after GC invocations=176 (full 1):
 garbage-first heap   total 310272K, used 200615K [0x0000000080000000, 0x0000000100000000)
  region size 1024K, 8 young (8192K), 8 survivors (8192K)
 Metaspace       used 215301K, capacity 220936K, committed 230264K, reserved 1249280K
  class space    used 26120K, capacity 28207K, committed 29568K, reserved 1048576K
}
Event: 10629.927 GC heap before
{Heap before GC invocations=176 (full 1):
 garbage-first heap   total 310272K, used 206759K [0x0000000080000000, 0x0000000100000000)
  region size 1024K, 15 young (15360K), 8 survivors (8192K)
 Metaspace       used 216051K, capacity 221752K, committed 230264K, reserved 1249280K
  class space    used 26239K, capacity 28350K, committed 29568K, reserved 1048576K
}
Event: 10629.939 GC heap after
{Heap after GC invocations=177 (full 1):
 garbage-first heap   total 310272K, used 174905K [0x0000000080000000, 0x0000000100000000)
  region size 1024K, 2 young (2048K), 2 survivors (2048K)
 Metaspace       used 216051K, capacity 221752K, committed 230264K, reserved 1249280K
  class space    used 26239K, capacity 28350K, committed 29568K, reserved 1048576K
}
Event: 10630.077 GC heap before
{Heap before GC invocations=177 (full 1):
 garbage-first heap   total 310272K, used 188217K [0x0000000080000000, 0x0000000100000000)
  region size 1024K, 15 young (15360K), 2 survivors (2048K)
 Metaspace       used 217398K, capacity 223152K, committed 230264K, reserved 1249280K
  class space    used 26427K, capacity 28558K, committed 29568K, reserved 1048576K
}
Event: 10630.086 GC heap after
{Heap after GC invocations=178 (full 1):
 garbage-first heap   total 310272K, used 175364K [0x0000000080000000, 0x0000000100000000)
  region size 1024K, 2 young (2048K), 2 survivors (2048K)
 Metaspace       used 217398K, capacity 223152K, committed 230264K, reserved 1249280K
  class space    used 26427K, capacity 28558K, committed 29568K, reserved 1048576K
}
Event: 10630.775 GC heap before
{Heap before GC invocations=178 (full 1):
 garbage-first heap   total 310272K, used 240900K [0x0000000080000000, 0x0000000100000000)
  region size 1024K, 67 young (68608K), 2 survivors (2048K)
 Metaspace       used 222885K, capacity 229167K, committed 230520K, reserved 1249280K
  class space    used 27346K, capacity 29726K, committed 29824K, reserved 1048576K
}
Event: 10630.786 GC heap after
{Heap after GC invocations=179 (full 1):
 garbage-first heap   total 310272K, used 179558K [0x0000000080000000, 0x0000000100000000)
  region size 1024K, 7 young (7168K), 7 survivors (7168K)
 Metaspace       used 222885K, capacity 229167K, committed 230520K, reserved 1249280K
  class space    used 27346K, capacity 29726K, committed 29824K, reserved 1048576K
}
Event: 10631.372 GC heap before
{Heap before GC invocations=180 (full 1):
 garbage-first heap   total 310272K, used 244070K [0x0000000080000000, 0x0000000100000000)
  region size 1024K, 72 young (73728K), 7 survivors (7168K)
 Metaspace       used 223362K, capacity 229527K, committed 230520K, reserved 1249280K
  class space    used 27319K, capacity 29664K, committed 29824K, reserved 1048576K
}
Event: 10631.385 GC heap after
{Heap after GC invocations=181 (full 1):
 garbage-first heap   total 310272K, used 178512K [0x0000000080000000, 0x0000000100000000)
  region size 1024K, 6 young (6144K), 6 survivors (6144K)
 Metaspace       used 223362K, capacity 229527K, committed 230520K, reserved 1249280K
  class space    used 27319K, capacity 29664K, committed 29824K, reserved 1048576K
}
Event: 10631.477 GC heap before
{Heap before GC invocations=181 (full 1):
 garbage-first heap   total 310272K, used 187728K [0x0000000080000000, 0x0000000100000000)
  region size 1024K, 15 young (15360K), 6 survivors (6144K)
 Metaspace       used 223410K, capacity 229540K, committed 230520K, reserved 1249280K
  class space    used 27319K, capacity 29665K, committed 29824K, reserved 1048576K
}
Event: 10631.486 GC heap after
{Heap after GC invocations=182 (full 1):
 garbage-first heap   total 310272K, used 178772K [0x0000000080000000, 0x0000000100000000)
  region size 1024K, 1 young (1024K), 1 survivors (1024K)
 Metaspace       used 223410K, capacity 229540K, committed 230520K, reserved 1249280K
  class space    used 27319K, capacity 29665K, committed 29824K, reserved 1048576K
}
Event: 10631.943 GC heap before
{Heap before GC invocations=182 (full 1):
 garbage-first heap   total 310272K, used 247380K [0x0000000080000000, 0x0000000100000000)
  region size 1024K, 69 young (70656K), 1 survivors (1024K)
 Metaspace       used 225091K, capacity 231398K, committed 231544K, reserved 1251328K
  class space    used 27562K, capacity 29984K, committed 30080K, reserved 1048576K
}
Event: 10631.953 GC heap after
{Heap after GC invocations=183 (full 1):
 garbage-first heap   total 310272K, used 181319K [0x0000000080000000, 0x0000000100000000)
  region size 1024K, 4 young (4096K), 4 survivors (4096K)
 Metaspace       used 225091K, capacity 231398K, committed 231544K, reserved 1251328K
  class space    used 27562K, capacity 29984K, committed 30080K, reserved 1048576K
}
Event: 10633.007 GC heap before
{Heap before GC invocations=184 (full 1):
 garbage-first heap   total 310272K, used 249927K [0x0000000080000000, 0x0000000100000000)
  region size 1024K, 72 young (73728K), 4 survivors (4096K)
 Metaspace       used 224883K, capacity 230870K, committed 232056K, reserved 1251328K
  class space    used 27320K, capacity 29550K, committed 30080K, reserved 1048576K
}
Event: 10633.015 GC heap after
{Heap after GC invocations=185 (full 1):
 garbage-first heap   total 310272K, used 179245K [0x0000000080000000, 0x0000000100000000)
  region size 1024K, 2 young (2048K), 2 survivors (2048K)
 Metaspace       used 224883K, capacity 230870K, committed 232056K, reserved 1251328K
  class space    used 27320K, capacity 29550K, committed 30080K, reserved 1048576K
}
Event: 10633.109 GC heap before
{Heap before GC invocations=185 (full 1):
 garbage-first heap   total 310272K, used 192557K [0x0000000080000000, 0x0000000100000000)
  region size 1024K, 15 young (15360K), 2 survivors (2048K)
 Metaspace       used 224904K, capacity 230871K, committed 232056K, reserved 1251328K
  class space    used 27320K, capacity 29550K, committed 30080K, reserved 1048576K
}
Event: 10633.119 GC heap after
{Heap after GC invocations=186 (full 1):
 garbage-first heap   total 310272K, used 177612K [0x0000000080000000, 0x0000000100000000)
  region size 1024K, 1 young (1024K), 1 survivors (1024K)
 Metaspace       used 224904K, capacity 230871K, committed 232056K, reserved 1251328K
  class space    used 27320K, capacity 29550K, committed 30080K, reserved 1048576K
}
Event: 10637.267 GC heap before
{Heap before GC invocations=186 (full 1):
 garbage-first heap   total 310272K, used 241100K [0x0000000080000000, 0x0000000100000000)
  region size 1024K, 65 young (66560K), 1 survivors (1024K)
 Metaspace       used 226296K, capacity 232270K, committed 233464K, reserved 1253376K
  class space    used 27484K, capacity 29740K, committed 30208K, reserved 1048576K
}
Event: 10637.280 GC heap after
{Heap after GC invocations=187 (full 1):
 garbage-first heap   total 310272K, used 181110K [0x0000000080000000, 0x0000000100000000)
  region size 1024K, 5 young (5120K), 5 survivors (5120K)
 Metaspace       used 226296K, capacity 232270K, committed 233464K, reserved 1253376K
  class space    used 27484K, capacity 29740K, committed 30208K, reserved 1048576K
}

